<?xml version="1.0" encoding="UTF-8"?>
<testsuite name="com.seminar.firstSeminar.FirstSeminarApplicationTests" tests="1" skipped="0" failures="0" errors="0" timestamp="2023-10-07T08:14:48" hostname="dosohyeon-ui-MacBookAir.local" time="0.142">
  <properties/>
  <testcase name="contextLoads()" classname="com.seminar.firstSeminar.FirstSeminarApplicationTests" time="0.142"/>
  <system-out><![CDATA[17:14:48.129 [Test worker] DEBUG org.springframework.boot.test.context.SpringBootTestContextBootstrapper -- Neither @ContextConfiguration nor @ContextHierarchy found for test class [FirstSeminarApplicationTests]: using SpringBootContextLoader
17:14:48.132 [Test worker] DEBUG org.springframework.test.context.support.AbstractContextLoader -- Could not detect default resource locations for test class [com.seminar.firstSeminar.FirstSeminarApplicationTests]: no resource found for suffixes {-context.xml, Context.groovy}.
17:14:48.132 [Test worker] INFO org.springframework.test.context.support.AnnotationConfigContextLoaderUtils -- Could not detect default configuration classes for test class [com.seminar.firstSeminar.FirstSeminarApplicationTests]: FirstSeminarApplicationTests does not declare any static, non-private, non-final, nested classes annotated with @Configuration.
17:14:48.141 [Test worker] DEBUG org.springframework.boot.test.context.SpringBootTestContextBootstrapper -- Using ContextCustomizers for test class [FirstSeminarApplicationTests]: [DisableObservabilityContextCustomizer, PropertyMappingContextCustomizer, WebDriverContextCustomizer, ExcludeFilterContextCustomizer, DuplicateJsonObjectContextCustomizer, MockitoContextCustomizer, TestRestTemplateContextCustomizer]
17:14:48.163 [Test worker] DEBUG org.springframework.context.annotation.ClassPathScanningCandidateComponentProvider -- Identified candidate component class: file [/Applications/Develop/sohyundoh/firstSeminar/build/classes/java/main/com/seminar/firstSeminar/FirstSeminarApplication.class]
17:14:48.164 [Test worker] INFO org.springframework.boot.test.context.SpringBootTestContextBootstrapper -- Found @SpringBootConfiguration com.seminar.firstSeminar.FirstSeminarApplication for test class com.seminar.firstSeminar.FirstSeminarApplicationTests
17:14:48.193 [Test worker] DEBUG org.springframework.test.context.util.TestContextSpringFactoriesUtils -- Skipping candidate TestExecutionListener [org.springframework.test.context.observation.MicrometerObservationRegistryTestExecutionListener] due to a missing dependency. Specify custom TestExecutionListener classes or make the default TestExecutionListener classes and their required dependencies available. Offending class: io.micrometer.context.ThreadLocalAccessor. MicrometerObservationRegistryTestExecutionListener requires io.micrometer:micrometer-observation:1.10.8 or higher and io.micrometer:context-propagation:1.0.3 or higher.
17:14:48.193 [Test worker] DEBUG org.springframework.test.context.util.TestContextSpringFactoriesUtils -- Skipping candidate TestExecutionListener [org.springframework.test.context.transaction.TransactionalTestExecutionListener] due to a missing dependency. Specify custom TestExecutionListener classes or make the default TestExecutionListener classes and their required dependencies available. Offending class: org/springframework/transaction/interceptor/TransactionAttributeSource
17:14:48.194 [Test worker] DEBUG org.springframework.test.context.util.TestContextSpringFactoriesUtils -- Skipping candidate TestExecutionListener [org.springframework.test.context.jdbc.SqlScriptsTestExecutionListener] due to a missing dependency. Specify custom TestExecutionListener classes or make the default TestExecutionListener classes and their required dependencies available. Offending class: org/springframework/transaction/interceptor/TransactionAttribute
17:14:48.194 [Test worker] DEBUG org.springframework.boot.test.context.SpringBootTestContextBootstrapper -- Using TestExecutionListeners for test class [FirstSeminarApplicationTests]: [ServletTestExecutionListener, DirtiesContextBeforeModesTestExecutionListener, ApplicationEventsTestExecutionListener, MockitoTestExecutionListener, DependencyInjectionTestExecutionListener, DirtiesContextTestExecutionListener, EventPublishingTestExecutionListener, RestDocsTestExecutionListener, MockRestServiceServerResetTestExecutionListener, MockMvcPrintOnlyOnFailureTestExecutionListener, WebDriverTestExecutionListener, MockWebServiceServerTestExecutionListener, ResetMocksTestExecutionListener]
17:14:48.195 [Test worker] DEBUG org.springframework.test.context.support.DirtiesContextBeforeModesTestExecutionListener -- Before test class: class [FirstSeminarApplicationTests], class annotated with @DirtiesContext [false] with mode [null]

  .   ____          _            __ _ _
 /\\ / ___'_ __ _ _(_)_ __  __ _ \ \ \ \
( ( )\___ | '_ | '_| | '_ \/ _` | \ \ \ \
 \\/  ___)| |_)| | | | | || (_| |  ) ) ) )
  '  |____| .__|_| |_|_| |_\__, | / / / /
 =========|_|==============|___/=/_/_/_/
 :: Spring Boot ::               (v3.0.11)

2023-10-07T17:14:48.284+09:00  INFO 78936 --- [    Test worker] c.s.f.FirstSeminarApplicationTests       : Starting FirstSeminarApplicationTests using Java 17.0.5 with PID 78936 (started by sohyundoh in /Applications/Develop/sohyundoh/firstSeminar)
2023-10-07T17:14:48.284+09:00  INFO 78936 --- [    Test worker] c.s.f.FirstSeminarApplicationTests       : No active profile set, falling back to 1 default profile: "default"
2023-10-07T17:14:48.605+09:00  INFO 78936 --- [    Test worker] c.s.f.FirstSeminarApplicationTests       : Started FirstSeminarApplicationTests in 0.395 seconds (process running for 0.793)
]]></system-out>
  <system-err><![CDATA[]]></system-err>
</testsuite>
